0 info it worked if it ends with ok
1 verbose cli [ 'node', '/usr/local/bin/npm', 'start' ]
2 info using npm@3.3.8
3 info using node@v0.12.7
4 verbose node symlink /usr/local/bin/node
5 verbose run-script [ 'prestart', 'start', 'poststart' ]
6 info lifecycle cnn-twitter-challenge@0.0.0~prestart: cnn-twitter-challenge@0.0.0
7 silly lifecycle cnn-twitter-challenge@0.0.0~prestart: no script for prestart, continuing
8 info lifecycle cnn-twitter-challenge@0.0.0~start: cnn-twitter-challenge@0.0.0
9 verbose lifecycle cnn-twitter-challenge@0.0.0~start: unsafe-perm in lifecycle true
10 verbose lifecycle cnn-twitter-challenge@0.0.0~start: PATH: /usr/local/lib/node_modules/npm/bin/node-gyp-bin:/Users/troysanders/freelance/cnn-twitter-challenge/node_modules/.bin:/Users/troysanders/.rbenv/shims:/Users/troysanders/.rbenv/bin:/usr/local/bin:/usr/bin:/bin:/usr/sbin:/sbin:/usr/local/git/bin
11 verbose lifecycle cnn-twitter-challenge@0.0.0~start: CWD: /Users/troysanders/freelance/cnn-twitter-challenge
12 silly lifecycle cnn-twitter-challenge@0.0.0~start: Args: [ '-c', 'nodemon app.js' ]
13 silly lifecycle cnn-twitter-challenge@0.0.0~start: Returned: code: 1  signal: null
14 info lifecycle cnn-twitter-challenge@0.0.0~start: Failed to exec start script
15 verbose stack Error: cnn-twitter-challenge@0.0.0 start: `nodemon app.js`
15 verbose stack Exit status 1
15 verbose stack     at EventEmitter.<anonymous> (/usr/local/lib/node_modules/npm/lib/utils/lifecycle.js:233:16)
15 verbose stack     at EventEmitter.emit (events.js:110:17)
15 verbose stack     at ChildProcess.<anonymous> (/usr/local/lib/node_modules/npm/lib/utils/spawn.js:24:14)
15 verbose stack     at ChildProcess.emit (events.js:110:17)
15 verbose stack     at maybeClose (child_process.js:1015:16)
15 verbose stack     at Process.ChildProcess._handle.onexit (child_process.js:1087:5)
16 verbose pkgid cnn-twitter-challenge@0.0.0
17 verbose cwd /Users/troysanders/freelance/cnn-twitter-challenge
18 error Darwin 14.5.0
19 error argv "node" "/usr/local/bin/npm" "start"
20 error node v0.12.7
21 error npm  v3.3.8
22 error code ELIFECYCLE
23 error cnn-twitter-challenge@0.0.0 start: `nodemon app.js`
23 error Exit status 1
24 error Failed at the cnn-twitter-challenge@0.0.0 start script 'nodemon app.js'.
24 error This is most likely a problem with the cnn-twitter-challenge package,
24 error not with npm itself.
24 error Tell the author that this fails on your system:
24 error     nodemon app.js
24 error You can get their info via:
24 error     npm owner ls cnn-twitter-challenge
24 error There is likely additional logging output above.
25 verbose exit [ 1, true ]
